"9ef134b8-f242-4d16-a202-a057614a1fff",1624286914974,"L3ftxCW9UUOoTnJDoZ7yLw==","4,937405E+15","IN"
"65eff6f3-f32b-46cf-8a0e-0625b3728b0b",1624286916966,"L3ftxCW9UUOoTnJDoZ7yLw==","4,937405E+15","OUT"
"03c73d50-9c0f-4f91-acc3-cdf2f644bc4a",1624286918278,"L3ftxCW9UUOoTnJDoZ7yLw==","4,937405E+15","IN"
"11463011-5aa1-4959-b180-cdebd4308844",1624518209058,"KRRq0iyJa0mmnXksLlNssg==","9,929507E+15","IN"
"72479207-709b-401e-bb38-5b472c2c55e1",1624520109307,"uIPe3qYHikq9cOan2ji/yA==","2,794078E+15","IN"
"941ac60e-8540-41d0-a927-28e39b080c3e",1624520113454,"uIPe3qYHikq9cOan2ji/yA==","2,794078E+15","OUT"
"6d14dcc7-0c51-4334-b235-7a38cae9e0a6",1624520114922,"uIPe3qYHikq9cOan2ji/yA==","2,794078E+15","IN"
"f449a44e-c127-4fc6-8a9c-1fbaa077d65a",1624522406416,"IMAnBGPwdUi1s//1qGn9uw==","2,39334E+15","IN"
"e3da86ee-3d42-419b-b6dc-052abe08946e",1624522412283,"IMAnBGPwdUi1s//1qGn9uw==","2,39334E+15","OUT"
"54a443cf-127d-47f7-98c9-f8485357338c",1624522413772,"IMAnBGPwdUi1s//1qGn9uw==","2,39334E+15","IN"
"1973e2df-90ad-42f1-a4c9-7da41c1fbe34",1624522416501,"IMAnBGPwdUi1s//1qGn9uw==","2,39334E+15","OUT"
"2064810e-66a6-4b1c-adf9-e6e908462f85",1624522416532,"IMAnBGPwdUi1s//1qGn9uw==","2,39334E+15","IN"
"09bafdfb-2c16-4d63-99b7-b426adda595f",1624522418363,"IMAnBGPwdUi1s//1qGn9uw==","2,39334E+15","OUT"
"9f48335a-c064-4040-b088-20df510e7396",1624522419860,"IMAnBGPwdUi1s//1qGn9uw==","2,39334E+15","IN"
"d60ecb1d-5a73-47d1-8133-11b88c71a4a5",1624522423741,"IMAnBGPwdUi1s//1qGn9uw==","2,39334E+15","OUT"
"30e640ee-dbf3-4e73-a185-4ddbedc7797c",1624522426017,"IMAnBGPwdUi1s//1qGn9uw==","2,39334E+15","IN"
"1036471e-5fdf-4cc8-a813-6218790dc5ef",1624522430801,"IMAnBGPwdUi1s//1qGn9uw==","2,39334E+15","OUT"
"48853bda-d124-44db-bedf-7a4832c8e87b",1624522432372,"IMAnBGPwdUi1s//1qGn9uw==","2,39334E+15","IN"
"b40cd6c5-1686-4248-8f01-eb7d6761acb9",1624522664432,"gtuyUjs6Y0qxnCLipFEviQ==","5,961598E+15","IN"
"63820014-c558-4636-9d46-3419f298e043",1624522672775,"gtuyUjs6Y0qxnCLipFEviQ==","5,961598E+15","OUT"
"153da7de-0543-409f-ae7e-930c81dc398d",1624523005196,"ed5mdCrtiUmTtu1jvAqmAA==","9,513886E+15","IN"
"35b3eceb-259d-4961-9641-8cdf9f1e2ade",1624523010306,"ed5mdCrtiUmTtu1jvAqmAA==","9,513886E+15","OUT"
"80dc7dac-699d-4dff-aaf8-32d93c55dfe0",1624523011608,"ed5mdCrtiUmTtu1jvAqmAA==","9,513886E+15","IN"
"1a40083d-a57f-42ac-b810-bb5702943433",1624523017357,"ed5mdCrtiUmTtu1jvAqmAA==","9,513886E+15","OUT"
"f7a3f6ad-0529-4042-8695-9a243bcf1c76",1624523018427,"ed5mdCrtiUmTtu1jvAqmAA==","9,513886E+15","IN"
"345efbcc-9d29-4371-ab2b-98261f3f686b",1624523224835,"yiJBldqYaEe60NBLVzgQzA==","2,742526E+38","IN"
"054bdfba-6de4-429f-8fec-c584f9627a6b",1624523228615,"yiJBldqYaEe60NBLVzgQzA==","2,742526E+38","OUT"
"6b698a8a-8ccf-4672-ad3f-f80aeb0390b1",1624523953255,"hH4k/92dyU2okFUtjIancg==","-1,178842E+38","IN"
"6877a291-fe96-4eae-9096-122ecd369618",1624523958202,"hH4k/92dyU2okFUtjIancg==","-1,178842E+38","OUT"
"1c72ea49-7c3a-48ef-828e-3e854eaea898",1624523960355,"hH4k/92dyU2okFUtjIancg==","-1,178842E+38","IN"
"1c2fb306-9598-4143-8d62-69ceb6433257",1624525398292,"ETCTSwANzkuI54vpP6kZzg==","1,236961E+38","IN"
"49c4e4b5-68ee-443f-b124-1fb640e99108",1624525401802,"ETCTSwANzkuI54vpP6kZzg==","1,236961E+38","OUT"
"71e0ade8-8cb8-48fe-8aac-97c6a6e587e7",1624525405218,"ETCTSwANzkuI54vpP6kZzg==","1,236961E+38","IN"
"d21e5bf2-87a4-4ea4-8168-005f91c3ee44",1624525406086,"ETCTSwANzkuI54vpP6kZzg==","1,236961E+38","OUT"
"692e0d3d-3f94-477f-a3af-51dca5ececb1",1624525407087,"ETCTSwANzkuI54vpP6kZzg==","1,236961E+38","IN"
"8eabe82c-9abf-4afa-bb66-5ebe1a2d7b1a",1624525409705,"ETCTSwANzkuI54vpP6kZzg==","1,236961E+38","OUT"
"d6a6187d-eb02-4efc-a80a-bf68898741a8",1624525413584,"ETCTSwANzkuI54vpP6kZzg==","1,236961E+38","IN"
"826555bf-b643-460a-a2a0-6ebfba65c97f",1624525416303,"ETCTSwANzkuI54vpP6kZzg==","1,236961E+38","OUT"
"f9e26b43-0d12-47e1-9dd0-b39cab16240e",1624525422983,"ETCTSwANzkuI54vpP6kZzg==","1,236961E+38","IN"
"8783e63d-01fd-42d4-8f25-c686b53a7658",1624525425285,"ETCTSwANzkuI54vpP6kZzg==","1,236961E+38","OUT"
"f341178e-b7bd-4fd5-bd27-d929a9acaabc",1624525427870,"ETCTSwANzkuI54vpP6kZzg==","1,236961E+38","IN"
"91e1f32a-0e0c-4ca9-8614-5ce6349cff95",1624526559844,"DKKhKZawU0mZlaSE+0qd6A==","-4,871108E+37","IN"
"f3b71783-07ee-4ed4-a71b-5641c9270454",1624526563052,"DKKhKZawU0mZlaSE+0qd6A==","-4,871108E+37","OUT"
"a81f0195-b84b-453a-9a2e-fe26a101d383",1624526565016,"DKKhKZawU0mZlaSE+0qd6A==","-4,871108E+37","IN"
"eaf70865-88da-4c94-9e54-f669ff93bb81",1624526567738,"DKKhKZawU0mZlaSE+0qd6A==","-4,871108E+37","OUT"
"e188311f-5928-4d6e-ae73-0d83d56401bc",1624538530430,"iFbKKg0QvkOypqjQBzr26g==","3,631799E+36","IN"
"4c550978-16b6-4cb5-a249-ba0a78197416",1624538538937,"iFbKKg0QvkOypqjQBzr26g==","3,631799E+36","OUT"
"7c825eb5-2b93-4808-bcdc-72fb109bc4b9",1624538541937,"iFbKKg0QvkOypqjQBzr26g==","3,631799E+36","IN"
"b4d7c627-7301-406c-aa36-dcd6a37edcb4",1624538543204,"iFbKKg0QvkOypqjQBzr26g==","3,631799E+36","OUT"
"a7ad24a5-29d7-4db4-be96-551000c32956",1624538547621,"iFbKKg0QvkOypqjQBzr26g==","3,631799E+36","IN"
"497aa4e0-9480-423b-863b-7354b0df4a93",1624538555238,"iFbKKg0QvkOypqjQBzr26g==","3,631799E+36","OUT"
"4cd062fe-34a2-4782-be2b-effb6d1844b3",1624540234881,"k8su3aRYB06VIQncoNbIPg==","-2,511328E+38","IN"
"c1386f9e-b0a0-4573-be63-bae654461fd0",1624540239672,"k8su3aRYB06VIQncoNbIPg==","-2,511328E+38","OUT"
"a6d2f804-e32f-4352-91df-92f01be79eab",1624540242330,"k8su3aRYB06VIQncoNbIPg==","-2,511328E+38","IN"
"714b7f53-67e7-4eb2-a8fe-932ab0173784",1624540243709,"k8su3aRYB06VIQncoNbIPg==","-2,511328E+38","OUT"
"92df3ffe-b7ae-4dd2-9c9d-8bdcd5c00d11",1624540246049,"k8su3aRYB06VIQncoNbIPg==","-2,511328E+38","IN"
"2ff2df4f-5835-4e14-9774-1b5f94ac0f19",1624540340936,"Qd+L4tzZfEm8nNPEKw6JOA==","1,629557E+38","IN"
"e07fdd6a-58a1-493a-a847-0e177bd887fd",1624540344695,"Qd+L4tzZfEm8nNPEKw6JOA==","1,629557E+38","OUT"
"968e9212-72be-43d0-8781-bd227f2bd227",1624540347772,"Qd+L4tzZfEm8nNPEKw6JOA==","1,629557E+38","IN"
"2b7f8d84-7e0c-4adb-ad3c-962332e1ddea",1624540350510,"Qd+L4tzZfEm8nNPEKw6JOA==","1,629557E+38","OUT"
"57622d64-29f8-49f5-860e-bc762ec913a9",1624540351306,"Qd+L4tzZfEm8nNPEKw6JOA==","1,629557E+38","IN"
"df02b529-4a86-4a90-90c7-9fa89395f3aa",1624540354129,"Qd+L4tzZfEm8nNPEKw6JOA==","1,629557E+38","OUT"
"e7e8fc66-f0f8-4d7d-9d57-8c92c1aa44d3",1624540356586,"Qd+L4tzZfEm8nNPEKw6JOA==","1,629557E+38","IN"
